2016-10-06 16:12:03,789 - driver - ### Beginning Driver Execution - 16-10-06 16:12:03 ###
2016-10-06 16:12:03,789 - driver - ### Ending Driver Execution - 16-10-06 16:12:03 ###
2016-10-06 16:15:36,305 - driver - Logger initialized
2016-10-06 16:15:36,305 - driver - ### Beginning Driver Execution - 16-10-06 16:15:36 ###
2016-10-06 16:15:36,305 - driver - ### Ending Driver Execution - 16-10-06 16:15:36 ###
2016-10-10 10:25:23,323 - driver - Logger initialized
2016-10-10 10:25:23,323 - driver - ### Beginning Driver Execution - 16-10-10 10:25:23 ###
2016-10-10 10:25:23,323 - driver - ### Ending Driver Execution - 16-10-10 10:25:23 ###
2016-10-10 10:30:50,251 - driver - Logger initialized
2016-10-10 10:30:50,251 - driver - ### Beginning Driver Execution - 16-10-10 10:30:50 ###
2016-10-10 10:30:50,251 - driver.modules.subModule1.Class1 - 		Class1.init
2016-10-10 10:30:50,251 - driver.modules.subModule1.Class1 - 	subModule1.method1
2016-10-10 10:30:50,251 - driver - ### Ending Driver Execution - 16-10-10 10:30:50 ###
[2016-10-10 10:35:18] [    INFO] --- Logger initialized (driver.py:37)
[2016-10-10 10:35:18] [    INFO] --- ### Beginning Driver Execution - 16-10-10 10:35:18 ### (driver.py:47)
[2016-10-10 10:35:18] [    INFO] --- 		Class1.init (subModule1.py:12)
[2016-10-10 10:35:18] [    INFO] --- 	subModule1.method1 (subModule1.py:17)
[2016-10-10 10:35:18] [    INFO] --- ### Ending Driver Execution - 16-10-10 10:35:18 ### (driver.py:54)
[2016-10-10 10:35:36] [    INFO] --- Logger initialized (driver.py:37)
[2016-10-10 10:35:36] [    INFO] --- ### Beginning Driver Execution - 16-10-10 10:35:36 ### (driver.py:47)
[2016-10-10 10:35:36] [    INFO] --- 		Class1.init (subModule1.py:12)
[2016-10-10 10:35:36] [    INFO] --- 	subModule1.method1 (subModule1.py:17)
[2016-10-10 10:35:36] [    INFO] --- ### Ending Driver Execution - 16-10-10 10:35:36 ### (driver.py:54)
[2016-10-10 10:35:47] [    INFO] --- Logger initialized (driver.py:37)
[2016-10-10 10:35:47] [    INFO] --- ### Beginning Driver Execution - 16-10-10 10:35:47 ### (driver.py:47)
[2016-10-10 10:35:47] [    INFO] --- 		Class1.init (subModule1.py:12)
[2016-10-10 10:35:47] [    INFO] --- 	subModule1.method1 (subModule1.py:17)
[2016-10-10 10:35:47] [    INFO] --- ### Ending Driver Execution - 16-10-10 10:35:47 ### (driver.py:54)
[2016-10-10 10:38:37] [    INFO] Logger initialized (driver.py:37)
[2016-10-10 10:38:37] [    INFO] ### Beginning Driver Execution - 16-10-10 10:38:37 ### (driver.py:47)
[2016-10-10 10:38:37] [    INFO] 		Class1.init (subModule1.py:12)
[2016-10-10 10:38:37] [    INFO] 	subModule1.method1 (subModule1.py:17)
[2016-10-10 10:38:37] [    INFO] ### Ending Driver Execution - 16-10-10 10:38:37 ### (driver.py:54)
[2016-10-10 10:39:13] [    INFO] Logger initialized (driver.py:        37)
[2016-10-10 10:39:13] [    INFO] ### Beginning Driver Execution - 16-10-10 10:39:13 ### (driver.py:        47)
[2016-10-10 10:39:13] [    INFO] 		Class1.init (subModule1.py:        12)
[2016-10-10 10:39:13] [    INFO] 	subModule1.method1 (subModule1.py:        17)
[2016-10-10 10:39:13] [    INFO] ### Ending Driver Execution - 16-10-10 10:39:13 ### (driver.py:        54)
[2016-10-10 10:39:39] [    INFO] Logger initialized ( driver.py:37)
[2016-10-10 10:39:39] [    INFO] ### Beginning Driver Execution - 16-10-10 10:39:39 ### ( driver.py:47)
[2016-10-10 10:39:39] [    INFO] 		Class1.init (subModule1.py:12)
[2016-10-10 10:39:39] [    INFO] 	subModule1.method1 (subModule1.py:17)
[2016-10-10 10:39:39] [    INFO] ### Ending Driver Execution - 16-10-10 10:39:39 ### ( driver.py:54)
[2016-10-10 10:41:29] [    INFO] Logger initialized (driver.py:37)
[2016-10-10 10:41:29] [    INFO] ### Beginning Driver Execution - 16-10-10 10:41:29 ### (driver.py:47)
[2016-10-10 10:41:29] [    INFO] 		Class1.init (subModule1.py:12)
[2016-10-10 10:41:29] [    INFO] 	subModule1.method1 (subModule1.py:17)
[2016-10-10 10:41:29] [    INFO] ### Ending Driver Execution - 16-10-10 10:41:29 ### (driver.py:54)
[2016-10-10 10:41:37] [    INFO] Logger initialized (driver.py:37)
[2016-10-10 10:41:37] [    INFO] ### Beginning Driver Execution - 16-10-10 10:41:37 ### (driver.py:47)
[2016-10-10 10:41:37] [    INFO] 		Class1.init (subModule1.py:12)
[2016-10-10 10:41:37] [    INFO] 	subModule1.method1 (subModule1.py:17)
[2016-10-10 10:41:37] [    INFO] ### Ending Driver Execution - 16-10-10 10:41:37 ### (driver.py:54)
[2016-10-10 10:55:27] [    INFO] Logger initialized  driver.py:37
[2016-10-10 10:55:27] [    INFO] ### Beginning Driver Execution - 16-10-10 10:55:27 ###  driver.py:47
[2016-10-10 10:55:27] [    INFO] 		Class1.init subModule1.py:12
[2016-10-10 10:55:27] [    INFO] 	subModule1.method1 subModule1.py:17
[2016-10-10 10:55:27] [    INFO] ### Ending Driver Execution - 16-10-10 10:55:27 ###  driver.py:54
[2016-10-10 11:05:26] [    INFO] Logger initialized (driver.py:36)
[2016-10-10 11:05:26] [    INFO] ### Beginning Driver Execution - 16-10-10 11:05:26 ### (driver.py:46)
[2016-10-10 11:05:26] [    INFO] 		Class1.init (subModule1.py:12)
[2016-10-10 11:05:26] [    INFO] 	subModule1.method1 (subModule1.py:17)
[2016-10-10 11:05:26] [    INFO] ### Ending Driver Execution - 16-10-10 11:05:26 ### (driver.py:53)
[2016-10-10 11:07:16] [    INFO] Logger initialized (driver.py:36)
[2016-10-10 11:07:16] [    INFO] ### Beginning Driver Execution - 16-10-10 11:07:16 ### (driver.py:46)
[2016-10-10 11:07:16] [    INFO]     Class1.init (subModule1.py:12)
[2016-10-10 11:07:16] [    INFO]   subModule1.method1 (subModule1.py:17)
[2016-10-10 11:07:16] [    INFO] ### Ending Driver Execution - 16-10-10 11:07:16 ### (driver.py:53)
[2016-10-10 11:07:53] [    INFO] Logger initialized (driver.py:36)
[2016-10-10 11:07:53] [    INFO] ### Beginning Driver Execution - 16-10-10 11:07:53 ### (driver.py:46)
[2016-10-10 11:07:53] [    INFO]     Class1.init (subModule1.py:12)
[2016-10-10 11:07:53] [    INFO]   subModule1.method1 (subModule1.py:17)
[2016-10-10 11:07:53] [    INFO] ### Ending Driver Execution - 16-10-10 11:07:53 ### (driver.py:53)
[2016-10-10 11:08:13] [    INFO] Logger initialized (driver.py:36)
[2016-10-10 11:08:13] [    INFO] ### Beginning Driver Execution - 16-10-10 11:08:13 ### (driver.py:46)
[2016-10-10 11:08:13] [    INFO]   Class1.init (subModule1.py:12)
[2016-10-10 11:08:13] [    INFO]   subModule1.method1 (subModule1.py:17)
[2016-10-10 11:08:13] [    INFO] ### Ending Driver Execution - 16-10-10 11:08:13 ### (driver.py:53)
